Analysis & Synthesis report for decoregistro
Wed Sep 25 00:14:15 2024
Quartus II 64-Bit Version 13.1.0 Build 162 10/23/2013 SJ Web Edition


---------------------
; Table of Contents ;
---------------------
  1. Legal Notice
  2. Analysis & Synthesis Summary
  3. Analysis & Synthesis Settings
  4. Parallel Compilation
  5. Analysis & Synthesis Source Files Read
  6. Analysis & Synthesis Resource Usage Summary
  7. Analysis & Synthesis Resource Utilization by Entity
  8. Analysis & Synthesis RAM Summary
  9. Registers Removed During Synthesis
 10. General Register Statistics
 11. Registers Packed Into Inferred Megafunctions
 12. Multiplexer Restructuring Statistics (Restructuring Performed)
 13. Source assignments for decoder:decoder_inst|altsyncram:Mux6_rtl_0|altsyncram_pe11:auto_generated
 14. Parameter Settings for User Entity Instance: keypad:keypad_inst
 15. Parameter Settings for User Entity Instance: keypad:keypad_inst|divisor:Div1ms
 16. Parameter Settings for User Entity Instance: keypad:keypad_inst|divisor:Div10ms
 17. Parameter Settings for User Entity Instance: debouncer:debouncer_set_inst
 18. Parameter Settings for User Entity Instance: debouncer:debouncer_clr_inst
 19. Parameter Settings for Inferred Entity Instance: decoder:decoder_inst|altsyncram:Mux6_rtl_0
 20. altsyncram Parameter Settings by Entity Instance
 21. Elapsed Time Per Partition
 22. Analysis & Synthesis Messages



----------------
; Legal Notice ;
----------------
Copyright (C) 1991-2013 Altera Corporation
Your use of Altera Corporation's design tools, logic functions 
and other software and tools, and its AMPP partner logic 
functions, and any output files from any of the foregoing 
(including device programming or simulation files), and any 
associated documentation or information are expressly subject 
to the terms and conditions of the Altera Program License 
Subscription Agreement, Altera MegaCore Function License 
Agreement, or other applicable license agreement, including, 
without limitation, that your use is for the sole purpose of 
programming logic devices manufactured by Altera and sold by 
Altera or its authorized distributors.  Please refer to the 
applicable agreement for further details.



+---------------------------------------------------------------------------------+
; Analysis & Synthesis Summary                                                    ;
+------------------------------------+--------------------------------------------+
; Analysis & Synthesis Status        ; Successful - Wed Sep 25 00:14:15 2024      ;
; Quartus II 64-Bit Version          ; 13.1.0 Build 162 10/23/2013 SJ Web Edition ;
; Revision Name                      ; decoregistro                               ;
; Top-level Entity Name              ; decoregistro                               ;
; Family                             ; Cyclone IV E                               ;
; Total logic elements               ; 339                                        ;
;     Total combinational functions  ; 239                                        ;
;     Dedicated logic registers      ; 221                                        ;
; Total registers                    ; 221                                        ;
; Total pins                         ; 21                                         ;
; Total virtual pins                 ; 0                                          ;
; Total memory bits                  ; 1,792                                      ;
; Embedded Multiplier 9-bit elements ; 0                                          ;
; Total PLLs                         ; 0                                          ;
+------------------------------------+--------------------------------------------+


+----------------------------------------------------------------------------------------------------------------------+
; Analysis & Synthesis Settings                                                                                        ;
+----------------------------------------------------------------------------+--------------------+--------------------+
; Option                                                                     ; Setting            ; Default Value      ;
+----------------------------------------------------------------------------+--------------------+--------------------+
; Device                                                                     ; EP4CE6E22C8L       ;                    ;
; Top-level entity name                                                      ; decoregistro       ; decoregistro       ;
; Family name                                                                ; Cyclone IV E       ; Cyclone IV GX      ;
; Use smart compilation                                                      ; Off                ; Off                ;
; Enable parallel Assembler and TimeQuest Timing Analyzer during compilation ; On                 ; On                 ;
; Enable compact report table                                                ; Off                ; Off                ;
; Restructure Multiplexers                                                   ; Auto               ; Auto               ;
; Create Debugging Nodes for IP Cores                                        ; Off                ; Off                ;
; Preserve fewer node names                                                  ; On                 ; On                 ;
; Disable OpenCore Plus hardware evaluation                                  ; Off                ; Off                ;
; Verilog Version                                                            ; Verilog_2001       ; Verilog_2001       ;
; VHDL Version                                                               ; VHDL_1993          ; VHDL_1993          ;
; State Machine Processing                                                   ; Auto               ; Auto               ;
; Safe State Machine                                                         ; Off                ; Off                ;
; Extract Verilog State Machines                                             ; On                 ; On                 ;
; Extract VHDL State Machines                                                ; On                 ; On                 ;
; Ignore Verilog initial constructs                                          ; Off                ; Off                ;
; Iteration limit for constant Verilog loops                                 ; 5000               ; 5000               ;
; Iteration limit for non-constant Verilog loops                             ; 250                ; 250                ;
; Add Pass-Through Logic to Inferred RAMs                                    ; On                 ; On                 ;
; Infer RAMs from Raw Logic                                                  ; On                 ; On                 ;
; Parallel Synthesis                                                         ; On                 ; On                 ;
; DSP Block Balancing                                                        ; Auto               ; Auto               ;
; NOT Gate Push-Back                                                         ; On                 ; On                 ;
; Power-Up Don't Care                                                        ; On                 ; On                 ;
; Remove Redundant Logic Cells                                               ; Off                ; Off                ;
; Remove Duplicate Registers                                                 ; On                 ; On                 ;
; Ignore CARRY Buffers                                                       ; Off                ; Off                ;
; Ignore CASCADE Buffers                                                     ; Off                ; Off                ;
; Ignore GLOBAL Buffers                                                      ; Off                ; Off                ;
; Ignore ROW GLOBAL Buffers                                                  ; Off                ; Off                ;
; Ignore LCELL Buffers                                                       ; Off                ; Off                ;
; Ignore SOFT Buffers                                                        ; On                 ; On                 ;
; Limit AHDL Integers to 32 Bits                                             ; Off                ; Off                ;
; Optimization Technique                                                     ; Balanced           ; Balanced           ;
; Carry Chain Length                                                         ; 70                 ; 70                 ;
; Auto Carry Chains                                                          ; On                 ; On                 ;
; Auto Open-Drain Pins                                                       ; On                 ; On                 ;
; Perform WYSIWYG Primitive Resynthesis                                      ; Off                ; Off                ;
; Auto ROM Replacement                                                       ; On                 ; On                 ;
; Auto RAM Replacement                                                       ; On                 ; On                 ;
; Auto DSP Block Replacement                                                 ; On                 ; On                 ;
; Auto Shift Register Replacement                                            ; Auto               ; Auto               ;
; Allow Shift Register Merging across Hierarchies                            ; Auto               ; Auto               ;
; Auto Clock Enable Replacement                                              ; On                 ; On                 ;
; Strict RAM Replacement                                                     ; Off                ; Off                ;
; Allow Synchronous Control Signals                                          ; On                 ; On                 ;
; Force Use of Synchronous Clear Signals                                     ; Off                ; Off                ;
; Auto RAM Block Balancing                                                   ; On                 ; On                 ;
; Auto RAM to Logic Cell Conversion                                          ; Off                ; Off                ;
; Auto Resource Sharing                                                      ; Off                ; Off                ;
; Allow Any RAM Size For Recognition                                         ; Off                ; Off                ;
; Allow Any ROM Size For Recognition                                         ; Off                ; Off                ;
; Allow Any Shift Register Size For Recognition                              ; Off                ; Off                ;
; Use LogicLock Constraints during Resource Balancing                        ; On                 ; On                 ;
; Ignore translate_off and synthesis_off directives                          ; Off                ; Off                ;
; Timing-Driven Synthesis                                                    ; On                 ; On                 ;
; Report Parameter Settings                                                  ; On                 ; On                 ;
; Report Source Assignments                                                  ; On                 ; On                 ;
; Report Connectivity Checks                                                 ; On                 ; On                 ;
; Ignore Maximum Fan-Out Assignments                                         ; Off                ; Off                ;
; Synchronization Register Chain Length                                      ; 2                  ; 2                  ;
; PowerPlay Power Optimization                                               ; Normal compilation ; Normal compilation ;
; HDL message level                                                          ; Level2             ; Level2             ;
; Suppress Register Optimization Related Messages                            ; Off                ; Off                ;
; Number of Removed Registers Reported in Synthesis Report                   ; 5000               ; 5000               ;
; Number of Swept Nodes Reported in Synthesis Report                         ; 5000               ; 5000               ;
; Number of Inverted Registers Reported in Synthesis Report                  ; 100                ; 100                ;
; Clock MUX Protection                                                       ; On                 ; On                 ;
; Auto Gated Clock Conversion                                                ; Off                ; Off                ;
; Block Design Naming                                                        ; Auto               ; Auto               ;
; SDC constraint protection                                                  ; Off                ; Off                ;
; Synthesis Effort                                                           ; Auto               ; Auto               ;
; Shift Register Replacement - Allow Asynchronous Clear Signal               ; On                 ; On                 ;
; Pre-Mapping Resynthesis Optimization                                       ; Off                ; Off                ;
; Analysis & Synthesis Message Level                                         ; Medium             ; Medium             ;
; Disable Register Merging Across Hierarchies                                ; Auto               ; Auto               ;
; Resource Aware Inference For Block RAM                                     ; On                 ; On                 ;
; Synthesis Seed                                                             ; 1                  ; 1                  ;
+----------------------------------------------------------------------------+--------------------+--------------------+


+------------------------------------------+
; Parallel Compilation                     ;
+----------------------------+-------------+
; Processors                 ; Number      ;
+----------------------------+-------------+
; Number detected on machine ; 12          ;
; Maximum allowed            ; 6           ;
;                            ;             ;
; Average used               ; 1.00        ;
; Maximum used               ; 1           ;
;                            ;             ;
; Usage by Processor         ; % Time Used ;
;     Processor 1            ; 100.0%      ;
;     Processors 2-12        ;   0.0%      ;
+----------------------------+-------------+


+----------------------------------------------------------------------------------------------------------------------------------------------------------------------------+
; Analysis & Synthesis Source Files Read                                                                                                                                     ;
+----------------------------------+-----------------+------------------------------+------------------------------------------------------------------------------+---------+
; File Name with User-Entered Path ; Used in Netlist ; File Type                    ; File Name with Absolute Path                                                 ; Library ;
+----------------------------------+-----------------+------------------------------+------------------------------------------------------------------------------+---------+
; keypad.vhd                       ; yes             ; User VHDL File               ; G:/Mi unidad/5TO/DSD/PRACTICAS/Practica2/decoregistro/keypad.vhd             ;         ;
; latchRS.vhd                      ; yes             ; User VHDL File               ; G:/Mi unidad/5TO/DSD/PRACTICAS/Practica2/decoregistro/latchRS.vhd            ;         ;
; decoregistro.vhd                 ; yes             ; User VHDL File               ; G:/Mi unidad/5TO/DSD/PRACTICAS/Practica2/decoregistro/decoregistro.vhd       ;         ;
; registro.vhd                     ; yes             ; User VHDL File               ; G:/Mi unidad/5TO/DSD/PRACTICAS/Practica2/decoregistro/registro.vhd           ;         ;
; divisor.vhd                      ; yes             ; User VHDL File               ; G:/Mi unidad/5TO/DSD/PRACTICAS/Practica2/decoregistro/divisor.vhd            ;         ;
; debouncer.vhd                    ; yes             ; User VHDL File               ; G:/Mi unidad/5TO/DSD/PRACTICAS/Practica2/decoregistro/debouncer.vhd          ;         ;
; deco.vhd                         ; yes             ; User VHDL File               ; G:/Mi unidad/5TO/DSD/PRACTICAS/Practica2/decoregistro/deco.vhd               ;         ;
; altsyncram.tdf                   ; yes             ; Megafunction                 ; c:/altera/13.1/quartus/libraries/megafunctions/altsyncram.tdf                ;         ;
; stratix_ram_block.inc            ; yes             ; Megafunction                 ; c:/altera/13.1/quartus/libraries/megafunctions/stratix_ram_block.inc         ;         ;
; lpm_mux.inc                      ; yes             ; Megafunction                 ; c:/altera/13.1/quartus/libraries/megafunctions/lpm_mux.inc                   ;         ;
; lpm_decode.inc                   ; yes             ; Megafunction                 ; c:/altera/13.1/quartus/libraries/megafunctions/lpm_decode.inc                ;         ;
; aglobal131.inc                   ; yes             ; Megafunction                 ; c:/altera/13.1/quartus/libraries/megafunctions/aglobal131.inc                ;         ;
; a_rdenreg.inc                    ; yes             ; Megafunction                 ; c:/altera/13.1/quartus/libraries/megafunctions/a_rdenreg.inc                 ;         ;
; altrom.inc                       ; yes             ; Megafunction                 ; c:/altera/13.1/quartus/libraries/megafunctions/altrom.inc                    ;         ;
; altram.inc                       ; yes             ; Megafunction                 ; c:/altera/13.1/quartus/libraries/megafunctions/altram.inc                    ;         ;
; altdpram.inc                     ; yes             ; Megafunction                 ; c:/altera/13.1/quartus/libraries/megafunctions/altdpram.inc                  ;         ;
; db/altsyncram_pe11.tdf           ; yes             ; Auto-Generated Megafunction  ; G:/Mi unidad/5TO/DSD/PRACTICAS/Practica2/decoregistro/db/altsyncram_pe11.tdf ;         ;
+----------------------------------+-----------------+------------------------------+------------------------------------------------------------------------------+---------+


+-----------------------------------------------------------------------------------------+
; Analysis & Synthesis Resource Usage Summary                                             ;
+---------------------------------------------+-------------------------------------------+
; Resource                                    ; Usage                                     ;
+---------------------------------------------+-------------------------------------------+
; Estimated Total logic elements              ; 339                                       ;
;                                             ;                                           ;
; Total combinational functions               ; 239                                       ;
; Logic element usage by number of LUT inputs ;                                           ;
;     -- 4 input functions                    ; 130                                       ;
;     -- 3 input functions                    ; 20                                        ;
;     -- <=2 input functions                  ; 89                                        ;
;                                             ;                                           ;
; Logic elements by mode                      ;                                           ;
;     -- normal mode                          ; 166                                       ;
;     -- arithmetic mode                      ; 73                                        ;
;                                             ;                                           ;
; Total registers                             ; 221                                       ;
;     -- Dedicated logic registers            ; 221                                       ;
;     -- I/O registers                        ; 0                                         ;
;                                             ;                                           ;
; I/O pins                                    ; 21                                        ;
; Total memory bits                           ; 1792                                      ;
; Embedded Multiplier 9-bit elements          ; 0                                         ;
; Maximum fan-out node                        ; keypad:keypad_inst|divisor:Div1ms|clk_reg ;
; Maximum fan-out                             ; 129                                       ;
; Total fan-out                               ; 1512                                      ;
; Average fan-out                             ; 2.97                                      ;
+---------------------------------------------+-------------------------------------------+


+----------------------------------------------------------------------------------------------------------------------------------------------------------------------------------------------------------------------------------------------------------------+
; Analysis & Synthesis Resource Utilization by Entity                                                                                                                                                                                                            ;
+-------------------------------------------+-------------------+--------------+-------------+--------------+---------+-----------+------+--------------+-----------------------------------------------------------------------------------------+--------------+
; Compilation Hierarchy Node                ; LC Combinationals ; LC Registers ; Memory Bits ; DSP Elements ; DSP 9x9 ; DSP 18x18 ; Pins ; Virtual Pins ; Full Hierarchy Name                                                                     ; Library Name ;
+-------------------------------------------+-------------------+--------------+-------------+--------------+---------+-----------+------+--------------+-----------------------------------------------------------------------------------------+--------------+
; |decoregistro                             ; 239 (0)           ; 221 (0)      ; 1792        ; 0            ; 0       ; 0         ; 21   ; 0            ; |decoregistro                                                                           ; work         ;
;    |debouncer:debouncer_clr_inst|         ; 27 (27)           ; 21 (21)      ; 0           ; 0            ; 0       ; 0         ; 0    ; 0            ; |decoregistro|debouncer:debouncer_clr_inst                                              ; work         ;
;    |debouncer:debouncer_set_inst|         ; 33 (33)           ; 25 (25)      ; 0           ; 0            ; 0       ; 0         ; 0    ; 0            ; |decoregistro|debouncer:debouncer_set_inst                                              ; work         ;
;    |decoder:decoder_inst|                 ; 0 (0)             ; 0 (0)        ; 1792        ; 0            ; 0       ; 0         ; 0    ; 0            ; |decoregistro|decoder:decoder_inst                                                      ; work         ;
;       |altsyncram:Mux6_rtl_0|             ; 0 (0)             ; 0 (0)        ; 1792        ; 0            ; 0       ; 0         ; 0    ; 0            ; |decoregistro|decoder:decoder_inst|altsyncram:Mux6_rtl_0                                ; work         ;
;          |altsyncram_pe11:auto_generated| ; 0 (0)             ; 0 (0)        ; 1792        ; 0            ; 0       ; 0         ; 0    ; 0            ; |decoregistro|decoder:decoder_inst|altsyncram:Mux6_rtl_0|altsyncram_pe11:auto_generated ; work         ;
;    |keypad:keypad_inst|                   ; 178 (132)         ; 174 (139)    ; 0           ; 0            ; 0       ; 0         ; 0    ; 0            ; |decoregistro|keypad:keypad_inst                                                        ; work         ;
;       |divisor:Div10ms|                   ; 25 (25)           ; 19 (19)      ; 0           ; 0            ; 0       ; 0         ; 0    ; 0            ; |decoregistro|keypad:keypad_inst|divisor:Div10ms                                        ; work         ;
;       |divisor:Div1ms|                    ; 21 (21)           ; 16 (16)      ; 0           ; 0            ; 0       ; 0         ; 0    ; 0            ; |decoregistro|keypad:keypad_inst|divisor:Div1ms                                         ; work         ;
;    |latchRS:controler_inst|               ; 1 (1)             ; 1 (1)        ; 0           ; 0            ; 0       ; 0         ; 0    ; 0            ; |decoregistro|latchRS:controler_inst                                                    ; work         ;
+-------------------------------------------+-------------------+--------------+-------------+--------------+---------+-----------+------+--------------+-----------------------------------------------------------------------------------------+--------------+
Note: For table entries with two numbers listed, the numbers in parentheses indicate the number of resources of the given type used by the specific entity alone. The numbers listed outside of parentheses indicate the total resources of the given type used by the specific entity and all of its sub-entities in the hierarchy.


+------------------------------------------------------------------------------------------------------------------------------------------------------------------------------------------------------------+
; Analysis & Synthesis RAM Summary                                                                                                                                                                           ;
+--------------------------------------------------------------------------------------+------+------+--------------+--------------+--------------+--------------+------+------------------------------------+
; Name                                                                                 ; Type ; Mode ; Port A Depth ; Port A Width ; Port B Depth ; Port B Width ; Size ; MIF                                ;
+--------------------------------------------------------------------------------------+------+------+--------------+--------------+--------------+--------------+------+------------------------------------+
; decoder:decoder_inst|altsyncram:Mux6_rtl_0|altsyncram_pe11:auto_generated|ALTSYNCRAM ; AUTO ; ROM  ; 256          ; 7            ; --           ; --           ; 1792 ; decoregistro.decoregistro0.rtl.mif ;
+--------------------------------------------------------------------------------------+------+------+--------------+--------------+--------------+--------------+------+------------------------------------+


+-----------------------------------------------------------------------------------------------+
; Registers Removed During Synthesis                                                            ;
+-----------------------------------------+-----------------------------------------------------+
; Register name                           ; Reason for Removal                                  ;
+-----------------------------------------+-----------------------------------------------------+
; debouncer:debouncer_set_inst|button_reg ; Merged with debouncer:debouncer_set_inst|button_out ;
; debouncer:debouncer_clr_inst|button_reg ; Merged with debouncer:debouncer_clr_inst|button_out ;
; Total Number of Removed Registers = 2   ;                                                     ;
+-----------------------------------------+-----------------------------------------------------+


+------------------------------------------------------+
; General Register Statistics                          ;
+----------------------------------------------+-------+
; Statistic                                    ; Value ;
+----------------------------------------------+-------+
; Total registers                              ; 221   ;
; Number of registers using Synchronous Clear  ; 77    ;
; Number of registers using Synchronous Load   ; 4     ;
; Number of registers using Asynchronous Clear ; 0     ;
; Number of registers using Asynchronous Load  ; 0     ;
; Number of registers using Clock Enable       ; 128   ;
; Number of registers using Preset             ; 0     ;
+----------------------------------------------+-------+


+-----------------------------------------------------------------------------+
; Registers Packed Into Inferred Megafunctions                                ;
+------------------------------------+---------------------------------+------+
; Register Name                      ; Megafunction                    ; Type ;
+------------------------------------+---------------------------------+------+
; registro:registro_inst|q_int[0..6] ; decoder:decoder_inst|Mux6_rtl_0 ; ROM  ;
+------------------------------------+---------------------------------+------+


+--------------------------------------------------------------------------------------------------------------------------------------------------------------------+
; Multiplexer Restructuring Statistics (Restructuring Performed)                                                                                                     ;
+--------------------+-----------+---------------+----------------------+------------------------+------------+------------------------------------------------------+
; Multiplexer Inputs ; Bus Width ; Baseline Area ; Area if Restructured ; Saving if Restructured ; Registered ; Example Multiplexer Output                           ;
+--------------------+-----------+---------------+----------------------+------------------------+------------+------------------------------------------------------+
; 3:1                ; 20 bits   ; 40 LEs        ; 20 LEs               ; 20 LEs                 ; Yes        ; |decoregistro|debouncer:debouncer_clr_inst|count[19] ;
; 3:1                ; 24 bits   ; 48 LEs        ; 24 LEs               ; 24 LEs                 ; Yes        ; |decoregistro|debouncer:debouncer_set_inst|count[14] ;
; 4:1                ; 28 bits   ; 56 LEs        ; 56 LEs               ; 0 LEs                  ; No         ; |decoregistro|keypad:keypad_inst|Mux30               ;
+--------------------+-----------+---------------+----------------------+------------------------+------------+------------------------------------------------------+


+--------------------------------------------------------------------------------------------------+
; Source assignments for decoder:decoder_inst|altsyncram:Mux6_rtl_0|altsyncram_pe11:auto_generated ;
+---------------------------------+--------------------+------+------------------------------------+
; Assignment                      ; Value              ; From ; To                                 ;
+---------------------------------+--------------------+------+------------------------------------+
; OPTIMIZE_POWER_DURING_SYNTHESIS ; NORMAL_COMPILATION ; -    ; -                                  ;
+---------------------------------+--------------------+------+------------------------------------+


+-----------------------------------------------------------------+
; Parameter Settings for User Entity Instance: keypad:keypad_inst ;
+----------------+----------+-------------------------------------+
; Parameter Name ; Value    ; Type                                ;
+----------------+----------+-------------------------------------+
; FREQ_CLK       ; 50000000 ; Signed Integer                      ;
+----------------+----------+-------------------------------------+
Note: In order to hide this table in the UI and the text report file, please set the "Show Parameter Settings in Synthesis Report" option in "Analysis and Synthesis Settings -> More Settings" to "Off".


+--------------------------------------------------------------------------------+
; Parameter Settings for User Entity Instance: keypad:keypad_inst|divisor:Div1ms ;
+----------------+----------+----------------------------------------------------+
; Parameter Name ; Value    ; Type                                               ;
+----------------+----------+----------------------------------------------------+
; input_freq     ; 50000000 ; Signed Integer                                     ;
; desired_freq   ; 1000     ; Signed Integer                                     ;
+----------------+----------+----------------------------------------------------+
Note: In order to hide this table in the UI and the text report file, please set the "Show Parameter Settings in Synthesis Report" option in "Analysis and Synthesis Settings -> More Settings" to "Off".


+---------------------------------------------------------------------------------+
; Parameter Settings for User Entity Instance: keypad:keypad_inst|divisor:Div10ms ;
+----------------+----------+-----------------------------------------------------+
; Parameter Name ; Value    ; Type                                                ;
+----------------+----------+-----------------------------------------------------+
; input_freq     ; 50000000 ; Signed Integer                                      ;
; desired_freq   ; 100      ; Signed Integer                                      ;
+----------------+----------+-----------------------------------------------------+
Note: In order to hide this table in the UI and the text report file, please set the "Show Parameter Settings in Synthesis Report" option in "Analysis and Synthesis Settings -> More Settings" to "Off".


+---------------------------------------------------------------------------+
; Parameter Settings for User Entity Instance: debouncer:debouncer_set_inst ;
+----------------+--------+-------------------------------------------------+
; Parameter Name ; Value  ; Type                                            ;
+----------------+--------+-------------------------------------------------+
; debounce_time  ; 200000 ; Signed Integer                                  ;
+----------------+--------+-------------------------------------------------+
Note: In order to hide this table in the UI and the text report file, please set the "Show Parameter Settings in Synthesis Report" option in "Analysis and Synthesis Settings -> More Settings" to "Off".


+---------------------------------------------------------------------------+
; Parameter Settings for User Entity Instance: debouncer:debouncer_clr_inst ;
+----------------+-------+--------------------------------------------------+
; Parameter Name ; Value ; Type                                             ;
+----------------+-------+--------------------------------------------------+
; debounce_time  ; 20000 ; Signed Integer                                   ;
+----------------+-------+--------------------------------------------------+
Note: In order to hide this table in the UI and the text report file, please set the "Show Parameter Settings in Synthesis Report" option in "Analysis and Synthesis Settings -> More Settings" to "Off".


+---------------------------------------------------------------------------------------------+
; Parameter Settings for Inferred Entity Instance: decoder:decoder_inst|altsyncram:Mux6_rtl_0 ;
+------------------------------------+------------------------------------+-------------------+
; Parameter Name                     ; Value                              ; Type              ;
+------------------------------------+------------------------------------+-------------------+
; BYTE_SIZE_BLOCK                    ; 8                                  ; Untyped           ;
; AUTO_CARRY_CHAINS                  ; ON                                 ; AUTO_CARRY        ;
; IGNORE_CARRY_BUFFERS               ; OFF                                ; IGNORE_CARRY      ;
; AUTO_CASCADE_CHAINS                ; ON                                 ; AUTO_CASCADE      ;
; IGNORE_CASCADE_BUFFERS             ; OFF                                ; IGNORE_CASCADE    ;
; WIDTH_BYTEENA                      ; 1                                  ; Untyped           ;
; OPERATION_MODE                     ; ROM                                ; Untyped           ;
; WIDTH_A                            ; 7                                  ; Untyped           ;
; WIDTHAD_A                          ; 8                                  ; Untyped           ;
; NUMWORDS_A                         ; 256                                ; Untyped           ;
; OUTDATA_REG_A                      ; UNREGISTERED                       ; Untyped           ;
; ADDRESS_ACLR_A                     ; NONE                               ; Untyped           ;
; OUTDATA_ACLR_A                     ; NONE                               ; Untyped           ;
; WRCONTROL_ACLR_A                   ; NONE                               ; Untyped           ;
; INDATA_ACLR_A                      ; NONE                               ; Untyped           ;
; BYTEENA_ACLR_A                     ; NONE                               ; Untyped           ;
; WIDTH_B                            ; 1                                  ; Untyped           ;
; WIDTHAD_B                          ; 1                                  ; Untyped           ;
; NUMWORDS_B                         ; 1                                  ; Untyped           ;
; INDATA_REG_B                       ; CLOCK1                             ; Untyped           ;
; WRCONTROL_WRADDRESS_REG_B          ; CLOCK1                             ; Untyped           ;
; RDCONTROL_REG_B                    ; CLOCK1                             ; Untyped           ;
; ADDRESS_REG_B                      ; CLOCK1                             ; Untyped           ;
; OUTDATA_REG_B                      ; UNREGISTERED                       ; Untyped           ;
; BYTEENA_REG_B                      ; CLOCK1                             ; Untyped           ;
; INDATA_ACLR_B                      ; NONE                               ; Untyped           ;
; WRCONTROL_ACLR_B                   ; NONE                               ; Untyped           ;
; ADDRESS_ACLR_B                     ; NONE                               ; Untyped           ;
; OUTDATA_ACLR_B                     ; NONE                               ; Untyped           ;
; RDCONTROL_ACLR_B                   ; NONE                               ; Untyped           ;
; BYTEENA_ACLR_B                     ; NONE                               ; Untyped           ;
; WIDTH_BYTEENA_A                    ; 1                                  ; Untyped           ;
; WIDTH_BYTEENA_B                    ; 1                                  ; Untyped           ;
; RAM_BLOCK_TYPE                     ; AUTO                               ; Untyped           ;
; BYTE_SIZE                          ; 8                                  ; Untyped           ;
; READ_DURING_WRITE_MODE_MIXED_PORTS ; DONT_CARE                          ; Untyped           ;
; READ_DURING_WRITE_MODE_PORT_A      ; NEW_DATA_NO_NBE_READ               ; Untyped           ;
; READ_DURING_WRITE_MODE_PORT_B      ; NEW_DATA_NO_NBE_READ               ; Untyped           ;
; INIT_FILE                          ; decoregistro.decoregistro0.rtl.mif ; Untyped           ;
; INIT_FILE_LAYOUT                   ; PORT_A                             ; Untyped           ;
; MAXIMUM_DEPTH                      ; 0                                  ; Untyped           ;
; CLOCK_ENABLE_INPUT_A               ; NORMAL                             ; Untyped           ;
; CLOCK_ENABLE_INPUT_B               ; NORMAL                             ; Untyped           ;
; CLOCK_ENABLE_OUTPUT_A              ; NORMAL                             ; Untyped           ;
; CLOCK_ENABLE_OUTPUT_B              ; NORMAL                             ; Untyped           ;
; CLOCK_ENABLE_CORE_A                ; USE_INPUT_CLKEN                    ; Untyped           ;
; CLOCK_ENABLE_CORE_B                ; USE_INPUT_CLKEN                    ; Untyped           ;
; ENABLE_ECC                         ; FALSE                              ; Untyped           ;
; ECC_PIPELINE_STAGE_ENABLED         ; FALSE                              ; Untyped           ;
; WIDTH_ECCSTATUS                    ; 3                                  ; Untyped           ;
; DEVICE_FAMILY                      ; Cyclone IV E                       ; Untyped           ;
; CBXI_PARAMETER                     ; altsyncram_pe11                    ; Untyped           ;
+------------------------------------+------------------------------------+-------------------+
Note: In order to hide this table in the UI and the text report file, please set the "Show Parameter Settings in Synthesis Report" option in "Analysis and Synthesis Settings -> More Settings" to "Off".


+----------------------------------------------------------------------------------------+
; altsyncram Parameter Settings by Entity Instance                                       ;
+-------------------------------------------+--------------------------------------------+
; Name                                      ; Value                                      ;
+-------------------------------------------+--------------------------------------------+
; Number of entity instances                ; 1                                          ;
; Entity Instance                           ; decoder:decoder_inst|altsyncram:Mux6_rtl_0 ;
;     -- OPERATION_MODE                     ; ROM                                        ;
;     -- WIDTH_A                            ; 7                                          ;
;     -- NUMWORDS_A                         ; 256                                        ;
;     -- OUTDATA_REG_A                      ; UNREGISTERED                               ;
;     -- WIDTH_B                            ; 1                                          ;
;     -- NUMWORDS_B                         ; 1                                          ;
;     -- ADDRESS_REG_B                      ; CLOCK1                                     ;
;     -- OUTDATA_REG_B                      ; UNREGISTERED                               ;
;     -- RAM_BLOCK_TYPE                     ; AUTO                                       ;
;     -- READ_DURING_WRITE_MODE_MIXED_PORTS ; DONT_CARE                                  ;
+-------------------------------------------+--------------------------------------------+


+-------------------------------+
; Elapsed Time Per Partition    ;
+----------------+--------------+
; Partition Name ; Elapsed Time ;
+----------------+--------------+
; Top            ; 00:00:00     ;
+----------------+--------------+


+-------------------------------+
; Analysis & Synthesis Messages ;
+-------------------------------+
Info: *******************************************************************
Info: Running Quartus II 64-Bit Analysis & Synthesis
    Info: Version 13.1.0 Build 162 10/23/2013 SJ Web Edition
    Info: Processing started: Wed Sep 25 00:14:12 2024
Info: Command: quartus_map --read_settings_files=on --write_settings_files=off decoregistro -c decoregistro
Info (11104): Parallel Compilation has detected 12 hyper-threaded processors. However, the extra hyper-threaded processors will not be used by default. Parallel Compilation will use 6 of the 6 physical processors detected instead.
Info (12021): Found 2 design units, including 1 entities, in source file keypad.vhd
    Info (12022): Found design unit 1: keypad-controlador
    Info (12023): Found entity 1: keypad
Info (12021): Found 2 design units, including 1 entities, in source file latchrs.vhd
    Info (12022): Found design unit 1: latchRS-seleccion
    Info (12023): Found entity 1: latchRS
Info (12021): Found 2 design units, including 1 entities, in source file decoregistro.vhd
    Info (12022): Found design unit 1: decoregistro-estructura
    Info (12023): Found entity 1: decoregistro
Info (12021): Found 2 design units, including 1 entities, in source file registro.vhd
    Info (12022): Found design unit 1: registro-behavioral
    Info (12023): Found entity 1: registro
Info (12021): Found 2 design units, including 1 entities, in source file divisor.vhd
    Info (12022): Found design unit 1: divisor-division
    Info (12023): Found entity 1: divisor
Info (12021): Found 2 design units, including 1 entities, in source file debouncer.vhd
    Info (12022): Found design unit 1: debouncer-behavioral
    Info (12023): Found entity 1: debouncer
Info (12021): Found 2 design units, including 1 entities, in source file deco.vhd
    Info (12022): Found design unit 1: decoder-combinacional
    Info (12023): Found entity 1: decoder
Info (12127): Elaborating entity "decoregistro" for the top level hierarchy
Info (12128): Elaborating entity "keypad" for hierarchy "keypad:keypad_inst"
Info (12128): Elaborating entity "divisor" for hierarchy "keypad:keypad_inst|divisor:Div1ms"
Info (12128): Elaborating entity "divisor" for hierarchy "keypad:keypad_inst|divisor:Div10ms"
Info (12128): Elaborating entity "decoder" for hierarchy "decoder:decoder_inst"
Info (12128): Elaborating entity "debouncer" for hierarchy "debouncer:debouncer_set_inst"
Info (12128): Elaborating entity "debouncer" for hierarchy "debouncer:debouncer_clr_inst"
Info (12128): Elaborating entity "latchRS" for hierarchy "latchRS:controler_inst"
Info (12128): Elaborating entity "registro" for hierarchy "registro:registro_inst"
Info (19000): Inferred 1 megafunctions from design logic
    Info (276031): Inferred altsyncram megafunction from the following design logic: "decoder:decoder_inst|Mux6_rtl_0"
        Info (286033): Parameter OPERATION_MODE set to ROM
        Info (286033): Parameter WIDTH_A set to 7
        Info (286033): Parameter WIDTHAD_A set to 8
        Info (286033): Parameter NUMWORDS_A set to 256
        Info (286033): Parameter OUTDATA_REG_A set to UNREGISTERED
        Info (286033): Parameter RAM_BLOCK_TYPE set to AUTO
        Info (286033): Parameter INIT_FILE set to decoregistro.decoregistro0.rtl.mif
Info (12130): Elaborated megafunction instantiation "decoder:decoder_inst|altsyncram:Mux6_rtl_0"
Info (12133): Instantiated megafunction "decoder:decoder_inst|altsyncram:Mux6_rtl_0" with the following parameter:
    Info (12134): Parameter "OPERATION_MODE" = "ROM"
    Info (12134): Parameter "WIDTH_A" = "7"
    Info (12134): Parameter "WIDTHAD_A" = "8"
    Info (12134): Parameter "NUMWORDS_A" = "256"
    Info (12134): Parameter "OUTDATA_REG_A" = "UNREGISTERED"
    Info (12134): Parameter "RAM_BLOCK_TYPE" = "AUTO"
    Info (12134): Parameter "INIT_FILE" = "decoregistro.decoregistro0.rtl.mif"
Info (12021): Found 1 design units, including 1 entities, in source file db/altsyncram_pe11.tdf
    Info (12023): Found entity 1: altsyncram_pe11
Warning (13024): Output pins are stuck at VCC or GND
    Warning (13410): Pin "SEGMENTO" is stuck at GND
Info (286030): Timing-Driven Synthesis is running
Info (16010): Generating hard_block partition "hard_block:auto_generated_inst"
    Info (16011): Adding 0 node(s), including 0 DDIO, 0 PLL, 0 transceiver and 0 LCELL
Info (21057): Implemented 396 device resources after synthesis - the final resource count might be different
    Info (21058): Implemented 7 input pins
    Info (21059): Implemented 14 output pins
    Info (21061): Implemented 368 logic cells
    Info (21064): Implemented 7 RAM segments
Info: Quartus II 64-Bit Analysis & Synthesis was successful. 0 errors, 2 warnings
    Info: Peak virtual memory: 4696 megabytes
    Info: Processing ended: Wed Sep 25 00:14:15 2024
    Info: Elapsed time: 00:00:03
    Info: Total CPU time (on all processors): 00:00:01


