Analysis & Synthesis report for registrogeneral
Sat Sep 28 16:06:19 2024
Quartus II 64-Bit Version 13.1.0 Build 162 10/23/2013 SJ Web Edition


---------------------
; Table of Contents ;
---------------------
  1. Legal Notice
  2. Analysis & Synthesis Summary
  3. Analysis & Synthesis Settings
  4. Parallel Compilation
  5. Analysis & Synthesis Source Files Read
  6. Analysis & Synthesis Resource Usage Summary
  7. Analysis & Synthesis Resource Utilization by Entity
  8. Registers Removed During Synthesis
  9. General Register Statistics
 10. Multiplexer Restructuring Statistics (Restructuring Performed)
 11. Parameter Settings for User Entity Instance: divisor:U_DIVISOR
 12. Parameter Settings for User Entity Instance: debouncer:\U_DEBOUNCERS:3:INST_DEBOUNCER
 13. Parameter Settings for User Entity Instance: debouncer:\U_DEBOUNCERS:2:INST_DEBOUNCER
 14. Parameter Settings for User Entity Instance: debouncer:\U_DEBOUNCERS:1:INST_DEBOUNCER
 15. Parameter Settings for User Entity Instance: debouncer:\U_DEBOUNCERS:0:INST_DEBOUNCER
 16. Elapsed Time Per Partition
 17. Analysis & Synthesis Messages



----------------
; Legal Notice ;
----------------
Copyright (C) 1991-2013 Altera Corporation
Your use of Altera Corporation's design tools, logic functions 
and other software and tools, and its AMPP partner logic 
functions, and any output files from any of the foregoing 
(including device programming or simulation files), and any 
associated documentation or information are expressly subject 
to the terms and conditions of the Altera Program License 
Subscription Agreement, Altera MegaCore Function License 
Agreement, or other applicable license agreement, including, 
without limitation, that your use is for the sole purpose of 
programming logic devices manufactured by Altera and sold by 
Altera or its authorized distributors.  Please refer to the 
applicable agreement for further details.



+---------------------------------------------------------------------------------+
; Analysis & Synthesis Summary                                                    ;
+------------------------------------+--------------------------------------------+
; Analysis & Synthesis Status        ; Successful - Sat Sep 28 16:06:19 2024      ;
; Quartus II 64-Bit Version          ; 13.1.0 Build 162 10/23/2013 SJ Web Edition ;
; Revision Name                      ; registrogeneral                            ;
; Top-level Entity Name              ; registrogeneral                            ;
; Family                             ; Cyclone IV E                               ;
; Total logic elements               ; 151                                        ;
;     Total combinational functions  ; 151                                        ;
;     Dedicated logic registers      ; 115                                        ;
; Total registers                    ; 115                                        ;
; Total pins                         ; 13                                         ;
; Total virtual pins                 ; 0                                          ;
; Total memory bits                  ; 0                                          ;
; Embedded Multiplier 9-bit elements ; 0                                          ;
; Total PLLs                         ; 0                                          ;
+------------------------------------+--------------------------------------------+


+----------------------------------------------------------------------------------------------------------------------+
; Analysis & Synthesis Settings                                                                                        ;
+----------------------------------------------------------------------------+--------------------+--------------------+
; Option                                                                     ; Setting            ; Default Value      ;
+----------------------------------------------------------------------------+--------------------+--------------------+
; Device                                                                     ; EP4CE6E22C8L       ;                    ;
; Top-level entity name                                                      ; registrogeneral    ; registrogeneral    ;
; Family name                                                                ; Cyclone IV E       ; Cyclone IV GX      ;
; Use smart compilation                                                      ; Off                ; Off                ;
; Enable parallel Assembler and TimeQuest Timing Analyzer during compilation ; On                 ; On                 ;
; Enable compact report table                                                ; Off                ; Off                ;
; Restructure Multiplexers                                                   ; Auto               ; Auto               ;
; Create Debugging Nodes for IP Cores                                        ; Off                ; Off                ;
; Preserve fewer node names                                                  ; On                 ; On                 ;
; Disable OpenCore Plus hardware evaluation                                  ; Off                ; Off                ;
; Verilog Version                                                            ; Verilog_2001       ; Verilog_2001       ;
; VHDL Version                                                               ; VHDL_1993          ; VHDL_1993          ;
; State Machine Processing                                                   ; Auto               ; Auto               ;
; Safe State Machine                                                         ; Off                ; Off                ;
; Extract Verilog State Machines                                             ; On                 ; On                 ;
; Extract VHDL State Machines                                                ; On                 ; On                 ;
; Ignore Verilog initial constructs                                          ; Off                ; Off                ;
; Iteration limit for constant Verilog loops                                 ; 5000               ; 5000               ;
; Iteration limit for non-constant Verilog loops                             ; 250                ; 250                ;
; Add Pass-Through Logic to Inferred RAMs                                    ; On                 ; On                 ;
; Infer RAMs from Raw Logic                                                  ; On                 ; On                 ;
; Parallel Synthesis                                                         ; On                 ; On                 ;
; DSP Block Balancing                                                        ; Auto               ; Auto               ;
; NOT Gate Push-Back                                                         ; On                 ; On                 ;
; Power-Up Don't Care                                                        ; On                 ; On                 ;
; Remove Redundant Logic Cells                                               ; Off                ; Off                ;
; Remove Duplicate Registers                                                 ; On                 ; On                 ;
; Ignore CARRY Buffers                                                       ; Off                ; Off                ;
; Ignore CASCADE Buffers                                                     ; Off                ; Off                ;
; Ignore GLOBAL Buffers                                                      ; Off                ; Off                ;
; Ignore ROW GLOBAL Buffers                                                  ; Off                ; Off                ;
; Ignore LCELL Buffers                                                       ; Off                ; Off                ;
; Ignore SOFT Buffers                                                        ; On                 ; On                 ;
; Limit AHDL Integers to 32 Bits                                             ; Off                ; Off                ;
; Optimization Technique                                                     ; Balanced           ; Balanced           ;
; Carry Chain Length                                                         ; 70                 ; 70                 ;
; Auto Carry Chains                                                          ; On                 ; On                 ;
; Auto Open-Drain Pins                                                       ; On                 ; On                 ;
; Perform WYSIWYG Primitive Resynthesis                                      ; Off                ; Off                ;
; Auto ROM Replacement                                                       ; On                 ; On                 ;
; Auto RAM Replacement                                                       ; On                 ; On                 ;
; Auto DSP Block Replacement                                                 ; On                 ; On                 ;
; Auto Shift Register Replacement                                            ; Auto               ; Auto               ;
; Allow Shift Register Merging across Hierarchies                            ; Auto               ; Auto               ;
; Auto Clock Enable Replacement                                              ; On                 ; On                 ;
; Strict RAM Replacement                                                     ; Off                ; Off                ;
; Allow Synchronous Control Signals                                          ; On                 ; On                 ;
; Force Use of Synchronous Clear Signals                                     ; Off                ; Off                ;
; Auto RAM Block Balancing                                                   ; On                 ; On                 ;
; Auto RAM to Logic Cell Conversion                                          ; Off                ; Off                ;
; Auto Resource Sharing                                                      ; Off                ; Off                ;
; Allow Any RAM Size For Recognition                                         ; Off                ; Off                ;
; Allow Any ROM Size For Recognition                                         ; Off                ; Off                ;
; Allow Any Shift Register Size For Recognition                              ; Off                ; Off                ;
; Use LogicLock Constraints during Resource Balancing                        ; On                 ; On                 ;
; Ignore translate_off and synthesis_off directives                          ; Off                ; Off                ;
; Timing-Driven Synthesis                                                    ; On                 ; On                 ;
; Report Parameter Settings                                                  ; On                 ; On                 ;
; Report Source Assignments                                                  ; On                 ; On                 ;
; Report Connectivity Checks                                                 ; On                 ; On                 ;
; Ignore Maximum Fan-Out Assignments                                         ; Off                ; Off                ;
; Synchronization Register Chain Length                                      ; 2                  ; 2                  ;
; PowerPlay Power Optimization                                               ; Normal compilation ; Normal compilation ;
; HDL message level                                                          ; Level2             ; Level2             ;
; Suppress Register Optimization Related Messages                            ; Off                ; Off                ;
; Number of Removed Registers Reported in Synthesis Report                   ; 5000               ; 5000               ;
; Number of Swept Nodes Reported in Synthesis Report                         ; 5000               ; 5000               ;
; Number of Inverted Registers Reported in Synthesis Report                  ; 100                ; 100                ;
; Clock MUX Protection                                                       ; On                 ; On                 ;
; Auto Gated Clock Conversion                                                ; Off                ; Off                ;
; Block Design Naming                                                        ; Auto               ; Auto               ;
; SDC constraint protection                                                  ; Off                ; Off                ;
; Synthesis Effort                                                           ; Auto               ; Auto               ;
; Shift Register Replacement - Allow Asynchronous Clear Signal               ; On                 ; On                 ;
; Pre-Mapping Resynthesis Optimization                                       ; Off                ; Off                ;
; Analysis & Synthesis Message Level                                         ; Medium             ; Medium             ;
; Disable Register Merging Across Hierarchies                                ; Auto               ; Auto               ;
; Resource Aware Inference For Block RAM                                     ; On                 ; On                 ;
; Synthesis Seed                                                             ; 1                  ; 1                  ;
+----------------------------------------------------------------------------+--------------------+--------------------+


+------------------------------------------+
; Parallel Compilation                     ;
+----------------------------+-------------+
; Processors                 ; Number      ;
+----------------------------+-------------+
; Number detected on machine ; 12          ;
; Maximum allowed            ; 6           ;
;                            ;             ;
; Average used               ; 1.00        ;
; Maximum used               ; 1           ;
;                            ;             ;
; Usage by Processor         ; % Time Used ;
;     Processor 1            ; 100.0%      ;
;     Processors 2-12        ;   0.0%      ;
+----------------------------+-------------+


+---------------------------------------------------------------------------------------------------------------------------------------------------------------+
; Analysis & Synthesis Source Files Read                                                                                                                        ;
+----------------------------------+-----------------+-----------------+------------------------------------------------------------------------------+---------+
; File Name with User-Entered Path ; Used in Netlist ; File Type       ; File Name with Absolute Path                                                 ; Library ;
+----------------------------------+-----------------+-----------------+------------------------------------------------------------------------------+---------+
; divisor.vhd                      ; yes             ; User VHDL File  ; G:/Mi unidad/5TO/DSD/PRACTICAS/Practica2/registrogeneral/divisor.vhd         ;         ;
; debouncer.vhd                    ; yes             ; User VHDL File  ; G:/Mi unidad/5TO/DSD/PRACTICAS/Practica2/registrogeneral/debouncer.vhd       ;         ;
; D_flip_flop.vhd                  ; yes             ; User VHDL File  ; G:/Mi unidad/5TO/DSD/PRACTICAS/Practica2/registrogeneral/D_flip_flop.vhd     ;         ;
; registro.vhd                     ; yes             ; User VHDL File  ; G:/Mi unidad/5TO/DSD/PRACTICAS/Practica2/registrogeneral/registro.vhd        ;         ;
; registrogeneral.vhd              ; yes             ; User VHDL File  ; G:/Mi unidad/5TO/DSD/PRACTICAS/Practica2/registrogeneral/registrogeneral.vhd ;         ;
; decoprioridad.vhd                ; yes             ; User VHDL File  ; G:/Mi unidad/5TO/DSD/PRACTICAS/Practica2/registrogeneral/decoprioridad.vhd   ;         ;
+----------------------------------+-----------------+-----------------+------------------------------------------------------------------------------+---------+


+---------------------------------------------------------+
; Analysis & Synthesis Resource Usage Summary             ;
+---------------------------------------------+-----------+
; Resource                                    ; Usage     ;
+---------------------------------------------+-----------+
; Estimated Total logic elements              ; 151       ;
;                                             ;           ;
; Total combinational functions               ; 151       ;
; Logic element usage by number of LUT inputs ;           ;
;     -- 4 input functions                    ; 25        ;
;     -- 3 input functions                    ; 19        ;
;     -- <=2 input functions                  ; 107       ;
;                                             ;           ;
; Logic elements by mode                      ;           ;
;     -- normal mode                          ; 52        ;
;     -- arithmetic mode                      ; 99        ;
;                                             ;           ;
; Total registers                             ; 115       ;
;     -- Dedicated logic registers            ; 115       ;
;     -- I/O registers                        ; 0         ;
;                                             ;           ;
; I/O pins                                    ; 13        ;
; Embedded Multiplier 9-bit elements          ; 0         ;
; Maximum fan-out node                        ; CLK~input ;
; Maximum fan-out                             ; 111       ;
; Total fan-out                               ; 731       ;
; Average fan-out                             ; 2.50      ;
+---------------------------------------------+-----------+


+-----------------------------------------------------------------------------------------------------------------------------------------------------------------------------------------------------------------------------------------------------------------+
; Analysis & Synthesis Resource Utilization by Entity                                                                                                                                                                                                             ;
+----------------------------------------------------+-------------------+--------------+-------------+--------------+---------+-----------+------+--------------+---------------------------------------------------------------------------------+--------------+
; Compilation Hierarchy Node                         ; LC Combinationals ; LC Registers ; Memory Bits ; DSP Elements ; DSP 9x9 ; DSP 18x18 ; Pins ; Virtual Pins ; Full Hierarchy Name                                                             ; Library Name ;
+----------------------------------------------------+-------------------+--------------+-------------+--------------+---------+-----------+------+--------------+---------------------------------------------------------------------------------+--------------+
; |registrogeneral                                   ; 151 (0)           ; 115 (0)      ; 0           ; 0            ; 0       ; 0         ; 13   ; 0            ; |registrogeneral                                                                ; work         ;
;    |debouncer:\U_DEBOUNCERS:0:INST_DEBOUNCER|      ; 27 (27)           ; 21 (21)      ; 0           ; 0            ; 0       ; 0         ; 0    ; 0            ; |registrogeneral|debouncer:\U_DEBOUNCERS:0:INST_DEBOUNCER                       ; work         ;
;    |debouncer:\U_DEBOUNCERS:1:INST_DEBOUNCER|      ; 27 (27)           ; 21 (21)      ; 0           ; 0            ; 0       ; 0         ; 0    ; 0            ; |registrogeneral|debouncer:\U_DEBOUNCERS:1:INST_DEBOUNCER                       ; work         ;
;    |debouncer:\U_DEBOUNCERS:2:INST_DEBOUNCER|      ; 27 (27)           ; 21 (21)      ; 0           ; 0            ; 0       ; 0         ; 0    ; 0            ; |registrogeneral|debouncer:\U_DEBOUNCERS:2:INST_DEBOUNCER                       ; work         ;
;    |debouncer:\U_DEBOUNCERS:3:INST_DEBOUNCER|      ; 27 (27)           ; 21 (21)      ; 0           ; 0            ; 0       ; 0         ; 0    ; 0            ; |registrogeneral|debouncer:\U_DEBOUNCERS:3:INST_DEBOUNCER                       ; work         ;
;    |decoprioridad:U_DECOPRIORIDAD|                 ; 3 (3)             ; 2 (2)        ; 0           ; 0            ; 0       ; 0         ; 0    ; 0            ; |registrogeneral|decoprioridad:U_DECOPRIORIDAD                                  ; work         ;
;    |divisor:U_DIVISOR|                             ; 35 (35)           ; 25 (25)      ; 0           ; 0            ; 0       ; 0         ; 0    ; 0            ; |registrogeneral|divisor:U_DIVISOR                                              ; work         ;
;    |registro:U_REGISTRO|                           ; 5 (0)             ; 4 (0)        ; 0           ; 0            ; 0       ; 0         ; 0    ; 0            ; |registrogeneral|registro:U_REGISTRO                                            ; work         ;
;       |d_flip_flop:\U_flipflopsD:0:flipflopD_inst| ; 1 (1)             ; 1 (1)        ; 0           ; 0            ; 0       ; 0         ; 0    ; 0            ; |registrogeneral|registro:U_REGISTRO|d_flip_flop:\U_flipflopsD:0:flipflopD_inst ; work         ;
;       |d_flip_flop:\U_flipflopsD:1:flipflopD_inst| ; 2 (2)             ; 1 (1)        ; 0           ; 0            ; 0       ; 0         ; 0    ; 0            ; |registrogeneral|registro:U_REGISTRO|d_flip_flop:\U_flipflopsD:1:flipflopD_inst ; work         ;
;       |d_flip_flop:\U_flipflopsD:2:flipflopD_inst| ; 1 (1)             ; 1 (1)        ; 0           ; 0            ; 0       ; 0         ; 0    ; 0            ; |registrogeneral|registro:U_REGISTRO|d_flip_flop:\U_flipflopsD:2:flipflopD_inst ; work         ;
;       |d_flip_flop:\U_flipflopsD:3:flipflopD_inst| ; 1 (1)             ; 1 (1)        ; 0           ; 0            ; 0       ; 0         ; 0    ; 0            ; |registrogeneral|registro:U_REGISTRO|d_flip_flop:\U_flipflopsD:3:flipflopD_inst ; work         ;
+----------------------------------------------------+-------------------+--------------+-------------+--------------+---------+-----------+------+--------------+---------------------------------------------------------------------------------+--------------+
Note: For table entries with two numbers listed, the numbers in parentheses indicate the number of resources of the given type used by the specific entity alone. The numbers listed outside of parentheses indicate the total resources of the given type used by the specific entity and all of its sub-entities in the hierarchy.


+-----------------------------------------------------------------------------------------------------------------------+
; Registers Removed During Synthesis                                                                                    ;
+-----------------------------------------------------+-----------------------------------------------------------------+
; Register name                                       ; Reason for Removal                                              ;
+-----------------------------------------------------+-----------------------------------------------------------------+
; debouncer:\U_DEBOUNCERS:0:INST_DEBOUNCER|button_reg ; Merged with debouncer:\U_DEBOUNCERS:0:INST_DEBOUNCER|button_out ;
; debouncer:\U_DEBOUNCERS:1:INST_DEBOUNCER|button_reg ; Merged with debouncer:\U_DEBOUNCERS:1:INST_DEBOUNCER|button_out ;
; debouncer:\U_DEBOUNCERS:2:INST_DEBOUNCER|button_reg ; Merged with debouncer:\U_DEBOUNCERS:2:INST_DEBOUNCER|button_out ;
; debouncer:\U_DEBOUNCERS:3:INST_DEBOUNCER|button_reg ; Merged with debouncer:\U_DEBOUNCERS:3:INST_DEBOUNCER|button_out ;
; Total Number of Removed Registers = 4               ;                                                                 ;
+-----------------------------------------------------+-----------------------------------------------------------------+


+------------------------------------------------------+
; General Register Statistics                          ;
+----------------------------------------------+-------+
; Statistic                                    ; Value ;
+----------------------------------------------+-------+
; Total registers                              ; 115   ;
; Number of registers using Synchronous Clear  ; 104   ;
; Number of registers using Synchronous Load   ; 4     ;
; Number of registers using Asynchronous Clear ; 0     ;
; Number of registers using Asynchronous Load  ; 0     ;
; Number of registers using Clock Enable       ; 6     ;
; Number of registers using Preset             ; 0     ;
+----------------------------------------------+-------+


+-----------------------------------------------------------------------------------------------------------------------------------------------------------------------------------------------------+
; Multiplexer Restructuring Statistics (Restructuring Performed)                                                                                                                                      ;
+--------------------+-----------+---------------+----------------------+------------------------+------------+---------------------------------------------------------------------------------------+
; Multiplexer Inputs ; Bus Width ; Baseline Area ; Area if Restructured ; Saving if Restructured ; Registered ; Example Multiplexer Output                                                            ;
+--------------------+-----------+---------------+----------------------+------------------------+------------+---------------------------------------------------------------------------------------+
; 4:1                ; 4 bits    ; 8 LEs         ; 8 LEs                ; 0 LEs                  ; Yes        ; |registrogeneral|registro:U_REGISTRO|d_flip_flop:\U_flipflopsD:1:flipflopD_inst|q_int ;
; 3:1                ; 20 bits   ; 40 LEs        ; 20 LEs               ; 20 LEs                 ; Yes        ; |registrogeneral|debouncer:\U_DEBOUNCERS:0:INST_DEBOUNCER|count[1]                    ;
; 3:1                ; 20 bits   ; 40 LEs        ; 20 LEs               ; 20 LEs                 ; Yes        ; |registrogeneral|debouncer:\U_DEBOUNCERS:1:INST_DEBOUNCER|count[1]                    ;
; 3:1                ; 20 bits   ; 40 LEs        ; 20 LEs               ; 20 LEs                 ; Yes        ; |registrogeneral|debouncer:\U_DEBOUNCERS:2:INST_DEBOUNCER|count[16]                   ;
; 3:1                ; 20 bits   ; 40 LEs        ; 20 LEs               ; 20 LEs                 ; Yes        ; |registrogeneral|debouncer:\U_DEBOUNCERS:3:INST_DEBOUNCER|count[19]                   ;
; 5:1                ; 2 bits    ; 6 LEs         ; 4 LEs                ; 2 LEs                  ; Yes        ; |registrogeneral|decoprioridad:U_DECOPRIORIDAD|code_int[0]                            ;
+--------------------+-----------+---------------+----------------------+------------------------+------------+---------------------------------------------------------------------------------------+


+----------------------------------------------------------------+
; Parameter Settings for User Entity Instance: divisor:U_DIVISOR ;
+----------------+----------+------------------------------------+
; Parameter Name ; Value    ; Type                               ;
+----------------+----------+------------------------------------+
; input_freq     ; 50000000 ; Signed Integer                     ;
; desired_freq   ; 2        ; Signed Integer                     ;
+----------------+----------+------------------------------------+
Note: In order to hide this table in the UI and the text report file, please set the "Show Parameter Settings in Synthesis Report" option in "Analysis and Synthesis Settings -> More Settings" to "Off".


+---------------------------------------------------------------------------------------+
; Parameter Settings for User Entity Instance: debouncer:\U_DEBOUNCERS:3:INST_DEBOUNCER ;
+----------------+-------+--------------------------------------------------------------+
; Parameter Name ; Value ; Type                                                         ;
+----------------+-------+--------------------------------------------------------------+
; debounce_time  ; 20000 ; Signed Integer                                               ;
+----------------+-------+--------------------------------------------------------------+
Note: In order to hide this table in the UI and the text report file, please set the "Show Parameter Settings in Synthesis Report" option in "Analysis and Synthesis Settings -> More Settings" to "Off".


+---------------------------------------------------------------------------------------+
; Parameter Settings for User Entity Instance: debouncer:\U_DEBOUNCERS:2:INST_DEBOUNCER ;
+----------------+-------+--------------------------------------------------------------+
; Parameter Name ; Value ; Type                                                         ;
+----------------+-------+--------------------------------------------------------------+
; debounce_time  ; 20000 ; Signed Integer                                               ;
+----------------+-------+--------------------------------------------------------------+
Note: In order to hide this table in the UI and the text report file, please set the "Show Parameter Settings in Synthesis Report" option in "Analysis and Synthesis Settings -> More Settings" to "Off".


+---------------------------------------------------------------------------------------+
; Parameter Settings for User Entity Instance: debouncer:\U_DEBOUNCERS:1:INST_DEBOUNCER ;
+----------------+-------+--------------------------------------------------------------+
; Parameter Name ; Value ; Type                                                         ;
+----------------+-------+--------------------------------------------------------------+
; debounce_time  ; 20000 ; Signed Integer                                               ;
+----------------+-------+--------------------------------------------------------------+
Note: In order to hide this table in the UI and the text report file, please set the "Show Parameter Settings in Synthesis Report" option in "Analysis and Synthesis Settings -> More Settings" to "Off".


+---------------------------------------------------------------------------------------+
; Parameter Settings for User Entity Instance: debouncer:\U_DEBOUNCERS:0:INST_DEBOUNCER ;
+----------------+-------+--------------------------------------------------------------+
; Parameter Name ; Value ; Type                                                         ;
+----------------+-------+--------------------------------------------------------------+
; debounce_time  ; 20000 ; Signed Integer                                               ;
+----------------+-------+--------------------------------------------------------------+
Note: In order to hide this table in the UI and the text report file, please set the "Show Parameter Settings in Synthesis Report" option in "Analysis and Synthesis Settings -> More Settings" to "Off".


+-------------------------------+
; Elapsed Time Per Partition    ;
+----------------+--------------+
; Partition Name ; Elapsed Time ;
+----------------+--------------+
; Top            ; 00:00:00     ;
+----------------+--------------+


+-------------------------------+
; Analysis & Synthesis Messages ;
+-------------------------------+
Info: *******************************************************************
Info: Running Quartus II 64-Bit Analysis & Synthesis
    Info: Version 13.1.0 Build 162 10/23/2013 SJ Web Edition
    Info: Processing started: Sat Sep 28 16:06:17 2024
Info: Command: quartus_map --read_settings_files=on --write_settings_files=off registrogeneral -c registrogeneral
Info (11104): Parallel Compilation has detected 12 hyper-threaded processors. However, the extra hyper-threaded processors will not be used by default. Parallel Compilation will use 6 of the 6 physical processors detected instead.
Info (12021): Found 2 design units, including 1 entities, in source file divisor.vhd
    Info (12022): Found design unit 1: divisor-division
    Info (12023): Found entity 1: divisor
Info (12021): Found 2 design units, including 1 entities, in source file debouncer.vhd
    Info (12022): Found design unit 1: debouncer-behavioral
    Info (12023): Found entity 1: debouncer
Info (12021): Found 2 design units, including 1 entities, in source file d_flip_flop.vhd
    Info (12022): Found design unit 1: d_flip_flop-flipflop
    Info (12023): Found entity 1: d_flip_flop
Info (12021): Found 2 design units, including 1 entities, in source file registro.vhd
    Info (12022): Found design unit 1: registro-arreglo
    Info (12023): Found entity 1: registro
Info (12021): Found 2 design units, including 1 entities, in source file registrogeneral.vhd
    Info (12022): Found design unit 1: registrogeneral-controlador
    Info (12023): Found entity 1: registrogeneral
Info (12021): Found 2 design units, including 1 entities, in source file decoprioridad.vhd
    Info (12022): Found design unit 1: decoprioridad-decodificador
    Info (12023): Found entity 1: decoprioridad
Info (12127): Elaborating entity "registrogeneral" for the top level hierarchy
Info (12128): Elaborating entity "divisor" for hierarchy "divisor:U_DIVISOR"
Info (12128): Elaborating entity "debouncer" for hierarchy "debouncer:\U_DEBOUNCERS:3:INST_DEBOUNCER"
Info (12128): Elaborating entity "decoprioridad" for hierarchy "decoprioridad:U_DECOPRIORIDAD"
Info (12128): Elaborating entity "registro" for hierarchy "registro:U_REGISTRO"
Info (12128): Elaborating entity "d_flip_flop" for hierarchy "registro:U_REGISTRO|d_flip_flop:\U_flipflopsD:0:flipflopD_inst"
Info (286030): Timing-Driven Synthesis is running
Info (16010): Generating hard_block partition "hard_block:auto_generated_inst"
    Info (16011): Adding 0 node(s), including 0 DDIO, 0 PLL, 0 transceiver and 0 LCELL
Info (21057): Implemented 164 device resources after synthesis - the final resource count might be different
    Info (21058): Implemented 9 input pins
    Info (21059): Implemented 4 output pins
    Info (21061): Implemented 151 logic cells
Info: Quartus II 64-Bit Analysis & Synthesis was successful. 0 errors, 0 warnings
    Info: Peak virtual memory: 4683 megabytes
    Info: Processing ended: Sat Sep 28 16:06:19 2024
    Info: Elapsed time: 00:00:02
    Info: Total CPU time (on all processors): 00:00:01


